Sun Apr 14 22:47:30 GMT+08:00 2019  [debug] AvalonLogSystem initialized using logfile 'C:\Users\john\Desktop\Intelligent-recommendation-system\.metadata\.plugins\com.genuitec.eclipse.templates\velocity.log'
Sun Apr 14 22:47:30 GMT+08:00 2019   [info] ************************************************************** 
Sun Apr 14 22:47:30 GMT+08:00 2019   [info] Starting Jakarta Velocity v1.4
Sun Apr 14 22:47:30 GMT+08:00 2019   [info] RuntimeInstance initializing.
Sun Apr 14 22:47:30 GMT+08:00 2019   [info] Default Properties File: org\apache\velocity\runtime\defaults\velocity.properties
Sun Apr 14 22:47:30 GMT+08:00 2019   [info] Trying to use logger class org.apache.velocity.runtime.log.AvalonLogSystem
Sun Apr 14 22:47:30 GMT+08:00 2019   [info] Using logger class org.apache.velocity.runtime.log.AvalonLogSystem
Sun Apr 14 22:47:30 GMT+08:00 2019   [info] Default ResourceManager initializing. (class org.apache.velocity.runtime.resource.ResourceManagerImpl)
Sun Apr 14 22:47:30 GMT+08:00 2019   [info] Resource Loader Instantiated: com.genuitec.eclipse.templates.internal.PluginResourceLoader
Sun Apr 14 22:47:30 GMT+08:00 2019   [info] ResourceCache : initialized. (class org.apache.velocity.runtime.resource.ResourceCacheImpl)
Sun Apr 14 22:47:30 GMT+08:00 2019   [info] Default ResourceManager initialization complete.
Sun Apr 14 22:47:30 GMT+08:00 2019   [info] Loaded System Directive: org.apache.velocity.runtime.directive.Literal
Sun Apr 14 22:47:30 GMT+08:00 2019   [info] Loaded System Directive: org.apache.velocity.runtime.directive.Macro
Sun Apr 14 22:47:30 GMT+08:00 2019   [info] Loaded System Directive: org.apache.velocity.runtime.directive.Parse
Sun Apr 14 22:47:30 GMT+08:00 2019   [info] Loaded System Directive: org.apache.velocity.runtime.directive.Include
Sun Apr 14 22:47:30 GMT+08:00 2019   [info] Loaded System Directive: org.apache.velocity.runtime.directive.Foreach
Sun Apr 14 22:47:30 GMT+08:00 2019   [info] Created: 20 parsers.
Sun Apr 14 22:47:30 GMT+08:00 2019   [info] Velocimacro : initialization starting.
Sun Apr 14 22:47:30 GMT+08:00 2019   [info] Velocimacro : adding VMs from VM library template : VM_global_library.vm
Sun Apr 14 22:47:30 GMT+08:00 2019  [error] ResourceManager : unable to find resource 'VM_global_library.vm' in any resource loader.
Sun Apr 14 22:47:30 GMT+08:00 2019   [info] Velocimacro : error using  VM library template VM_global_library.vm : org.apache.velocity.exception.ResourceNotFoundException: Unable to find resource 'VM_global_library.vm'
Sun Apr 14 22:47:30 GMT+08:00 2019   [info] Velocimacro :  VM library template macro registration complete.
Sun Apr 14 22:47:30 GMT+08:00 2019   [info] Velocimacro : allowInline = true : VMs can be defined inline in templates
Sun Apr 14 22:47:30 GMT+08:00 2019   [info] Velocimacro : allowInlineToOverride = true : VMs defined inline may replace previous VM definitions
Sun Apr 14 22:47:30 GMT+08:00 2019   [info] Velocimacro : allowInlineLocal = true : VMs defined inline will be local to their defining template only.
Sun Apr 14 22:47:30 GMT+08:00 2019   [info] Velocimacro : messages on  : VM system will output logging messages
Sun Apr 14 22:47:30 GMT+08:00 2019   [info] Velocimacro : autoload off  : VM system will not automatically reload global library macros
Sun Apr 14 22:47:30 GMT+08:00 2019   [info] Velocimacro : initialization complete.
Sun Apr 14 22:47:30 GMT+08:00 2019   [info] Velocity successfully started.
Sun Apr 14 22:47:30 GMT+08:00 2019   [info] ResourceManager : found templates/html/Html.vtl with loader com.genuitec.eclipse.templates.internal.PluginResourceLoader
Sun Apr 14 22:47:30 GMT+08:00 2019   [info] ResourceManager : found templates/html/HTMLMetaTags.vtl with loader com.genuitec.eclipse.templates.internal.PluginResourceLoader
